# JRE version: OpenJDK Runtime Environment (8.0_152-b02) (build 1.8.0_152-release-1024-b02)
# Java VM: OpenJDK 64-Bit Server VM (25.152-b02 mixed mode windows-amd64 compressed oops)
Heap:
 PSYoungGen      total 107520K, used 70986K [0x00000000e0000000, 0x00000000e8980000, 0x0000000100000000)
  eden space 95232K, 61% used [0x00000000e0000000,0x00000000e39534a0,0x00000000e5d00000)
  from space 12288K, 99% used [0x00000000e5d00000,0x00000000e68ff4a8,0x00000000e6900000)
  to   space 14848K, 0% used [0x00000000e7b00000,0x00000000e7b00000,0x00000000e8980000)
 ParOldGen       total 95744K, used 38149K [0x00000000a0000000, 0x00000000a5d80000, 0x00000000e0000000)
  object space 95744K, 39% used [0x00000000a0000000,0x00000000a2541738,0x00000000a5d80000)
 Metaspace       used 64673K, capacity 66538K, committed 66688K, reserved 1107968K
  class space    used 8589K, capacity 9064K, committed 9088K, reserved 1048576K
GC Heap History (10 events):
Event: 14.273 GC heap before
{Heap before GC invocations=18 (full 2):
 PSYoungGen      total 71680K, used 71660K [0x00000000e0000000, 0x00000000e6080000, 0x0000000100000000)
  eden space 65024K, 100% used [0x00000000e0000000,0x00000000e3f80000,0x00000000e3f80000)
  from space 6656K, 99% used [0x00000000e3f80000,0x00000000e45fb2f0,0x00000000e4600000)
  to   space 8704K, 0% used [0x00000000e5800000,0x00000000e5800000,0x00000000e6080000)
 ParOldGen       total 59392K, used 21133K [0x00000000a0000000, 0x00000000a3a00000, 0x00000000e0000000)
  object space 59392K, 35% used [0x00000000a0000000,0x00000000a14a36b0,0x00000000a3a00000)
 Metaspace       used 49334K, capacity 50882K, committed 50944K, reserved 1093632K
  class space    used 6741K, capacity 7142K, committed 7168K, reserved 1048576K
Event: 14.318 GC heap after
Heap after GC invocations=18 (full 2):
 PSYoungGen      total 87552K, used 8694K [0x00000000e0000000, 0x00000000e6980000, 0x0000000100000000)
  eden space 78848K, 0% used [0x00000000e0000000,0x00000000e0000000,0x00000000e4d00000)
  from space 8704K, 99% used [0x00000000e5800000,0x00000000e607db38,0x00000000e6080000)
  to   space 11264K, 0% used [0x00000000e4d00000,0x00000000e4d00000,0x00000000e5800000)
 ParOldGen       total 59392K, used 25413K [0x00000000a0000000, 0x00000000a3a00000, 0x00000000e0000000)
  object space 59392K, 42% used [0x00000000a0000000,0x00000000a18d17c8,0x00000000a3a00000)
 Metaspace       used 49334K, capacity 50882K, committed 50944K, reserved 1093632K
  class space    used 6741K, capacity 7142K, committed 7168K, reserved 1048576K
}
Event: 16.424 GC heap before
{Heap before GC invocations=19 (full 2):
 PSYoungGen      total 87552K, used 87542K [0x00000000e0000000, 0x00000000e6980000, 0x0000000100000000)
  eden space 78848K, 100% used [0x00000000e0000000,0x00000000e4d00000,0x00000000e4d00000)
  from space 8704K, 99% used [0x00000000e5800000,0x00000000e607db38,0x00000000e6080000)
  to   space 11264K, 0% used [0x00000000e4d00000,0x00000000e4d00000,0x00000000e5800000)
 ParOldGen       total 59392K, used 25413K [0x00000000a0000000, 0x00000000a3a00000, 0x00000000e0000000)
  object space 59392K, 42% used [0x00000000a0000000,0x00000000a18d17c8,0x00000000a3a00000)
 Metaspace       used 55419K, capacity 57160K, committed 57344K, reserved 1097728K
  class space    used 7621K, capacity 8077K, committed 8192K, reserved 1048576K
Event: 16.491 GC heap after
Heap after GC invocations=19 (full 2):
 PSYoungGen      total 90112K, used 9245K [0x00000000e0000000, 0x00000000e7680000, 0x0000000100000000)
  eden space 78848K, 0% used [0x00000000e0000000,0x00000000e0000000,0x00000000e4d00000)
  from space 11264K, 82% used [0x00000000e4d00000,0x00000000e56077e0,0x00000000e5800000)
  to   space 12288K, 0% used [0x00000000e6a80000,0x00000000e6a80000,0x00000000e7680000)
 ParOldGen       total 59392K, used 32744K [0x00000000a0000000, 0x00000000a3a00000, 0x00000000e0000000)
  object space 59392K, 55% used [0x00000000a0000000,0x00000000a1ffa0f0,0x00000000a3a00000)
 Metaspace       used 55419K, capacity 57160K, committed 57344K, reserved 1097728K
  class space    used 7621K, capacity 8077K, committed 8192K, reserved 1048576K
}
Event: 21.017 GC heap before
{Heap before GC invocations=20 (full 2):
 PSYoungGen      total 90112K, used 48916K [0x00000000e0000000, 0x00000000e7680000, 0x0000000100000000)
  eden space 78848K, 50% used [0x00000000e0000000,0x00000000e26bd910,0x00000000e4d00000)
  from space 11264K, 82% used [0x00000000e4d00000,0x00000000e56077e0,0x00000000e5800000)
  to   space 12288K, 0% used [0x00000000e6a80000,0x00000000e6a80000,0x00000000e7680000)
 ParOldGen       total 59392K, used 32744K [0x00000000a0000000, 0x00000000a3a00000, 0x00000000e0000000)
  object space 59392K, 55% used [0x00000000a0000000,0x00000000a1ffa0f0,0x00000000a3a00000)
 Metaspace       used 57091K, capacity 58828K, committed 59008K, reserved 1099776K
  class space    used 7817K, capacity 8243K, committed 8320K, reserved 1048576K
Event: 21.031 GC heap after
Heap after GC invocations=20 (full 2):
 PSYoungGen      total 105984K, used 3232K [0x00000000e0000000, 0x00000000e7500000, 0x0000000100000000)
  eden space 95232K, 0% used [0x00000000e0000000,0x00000000e0000000,0x00000000e5d00000)
  from space 10752K, 30% used [0x00000000e6a80000,0x00000000e6da8320,0x00000000e7500000)
  to   space 12288K, 0% used [0x00000000e5d00000,0x00000000e5d00000,0x00000000e6900000)
 ParOldGen       total 59392K, used 38399K [0x00000000a0000000, 0x00000000a3a00000, 0x00000000e0000000)
  object space 59392K, 64% used [0x00000000a0000000,0x00000000a257fe68,0x00000000a3a00000)
 Metaspace       used 57091K, capacity 58828K, committed 59008K, reserved 1099776K
  class space    used 7817K, capacity 8243K, committed 8320K, reserved 1048576K
}
Event: 21.031 GC heap before
{Heap before GC invocations=21 (full 3):
 PSYoungGen      total 105984K, used 3232K [0x00000000e0000000, 0x00000000e7500000, 0x0000000100000000)
  eden space 95232K, 0% used [0x00000000e0000000,0x00000000e0000000,0x00000000e5d00000)
  from space 10752K, 30% used [0x00000000e6a80000,0x00000000e6da8320,0x00000000e7500000)
  to   space 12288K, 0% used [0x00000000e5d00000,0x00000000e5d00000,0x00000000e6900000)
 ParOldGen       total 59392K, used 38399K [0x00000000a0000000, 0x00000000a3a00000, 0x00000000e0000000)
  object space 59392K, 64% used [0x00000000a0000000,0x00000000a257fe68,0x00000000a3a00000)
 Metaspace       used 57091K, capacity 58828K, committed 59008K, reserved 1099776K
  class space    used 7817K, capacity 8243K, committed 8320K, reserved 1048576K
Event: 21.320 GC heap after
Heap after GC invocations=21 (full 3):
 PSYoungGen      total 105984K, used 0K [0x00000000e0000000, 0x00000000e7500000, 0x0000000100000000)
  eden space 95232K, 0% used [0x00000000e0000000,0x00000000e0000000,0x00000000e5d00000)
  from space 10752K, 0% used [0x00000000e6a80000,0x00000000e6a80000,0x00000000e7500000)
  to   space 12288K, 0% used [0x00000000e5d00000,0x00000000e5d00000,0x00000000e6900000)
 ParOldGen       total 95744K, used 35577K [0x00000000a0000000, 0x00000000a5d80000, 0x00000000e0000000)
  object space 95744K, 37% used [0x00000000a0000000,0x00000000a22be738,0x00000000a5d80000)
 Metaspace       used 57091K, capacity 58828K, committed 59008K, reserved 1099776K
  class space    used 7817K, capacity 8243K, committed 8320K, reserved 1048576K
}
Event: 24.701 GC heap before
{Heap before GC invocations=22 (full 3):
 PSYoungGen      total 105984K, used 95232K [0x00000000e0000000, 0x00000000e7500000, 0x0000000100000000)
  eden space 95232K, 100% used [0x00000000e0000000,0x00000000e5d00000,0x00000000e5d00000)
  from space 10752K, 0% used [0x00000000e6a80000,0x00000000e6a80000,0x00000000e7500000)
  to   space 12288K, 0% used [0x00000000e5d00000,0x00000000e5d00000,0x00000000e6900000)
 ParOldGen       total 95744K, used 35577K [0x00000000a0000000, 0x00000000a5d80000, 0x00000000e0000000)
  object space 95744K, 37% used [0x00000000a0000000,0x00000000a22be738,0x00000000a5d80000)
 Metaspace       used 61483K, capacity 63262K, committed 63360K, reserved 1103872K
  class space    used 8353K, capacity 8800K, committed 8832K, reserved 1048576K
Event: 24.722 GC heap after
Heap after GC invocations=22 (full 3):
 PSYoungGen      total 107520K, used 12285K [0x00000000e0000000, 0x00000000e8980000, 0x0000000100000000)
  eden space 95232K, 0% used [0x00000000e0000000,0x00000000e0000000,0x00000000e5d00000)
  from space 12288K, 99% used [0x00000000e5d00000,0x00000000e68ff4a8,0x00000000e6900000)
  to   space 14848K, 0% used [0x00000000e7b00000,0x00000000e7b00000,0x00000000e8980000)
 ParOldGen       total 95744K, used 38149K [0x00000000a0000000, 0x00000000a5d80000, 0x00000000e0000000)
  object space 95744K, 39% used [0x00000000a0000000,0x00000000a2541738,0x00000000a5d80000)
 Metaspace       used 61483K, capacity 63262K, committed 63360K, reserved 1103872K
  class space    used 8353K, capacity 8800K, committed 8832K, reserved 1048576K
}

